<?xml version="1.0" encoding="UTF-8"?>
<testng-results skipped="0" failed="0" ignored="0" total="1" passed="1">
  <reporter-output>
  </reporter-output>
  <suite name="Default suite" duration-ms="60019" started-at="2020-02-24T05:27:32Z" finished-at="2020-02-24T05:28:32Z">
    <groups>
    </groups>
    <test name="Default test" duration-ms="60019" started-at="2020-02-24T05:27:32Z" finished-at="2020-02-24T05:28:32Z">
      <class name="demo.LaunchTest">
        <test-method status="PASS" signature="Launch()[pri:0, instance:demo.LaunchTest@27f723]" name="Launch" duration-ms="59931" started-at="2020-02-24T05:27:32Z" finished-at="2020-02-24T05:28:32Z">
          <reporter-output>
          </reporter-output>
        </test-method> <!-- Launch -->
      </class> <!-- demo.LaunchTest -->
    </test> <!-- Default test -->
  </suite> <!-- Default suite -->
</testng-results>
